<?xml version="1.0" encoding="UTF-8"?>
<!-- Generated by org.testng.reporters.JUnitReportReporter -->
<testsuite skipped="0" hostname="Krishna-Lenovo" name="com.krishna.ci.DemoCode" tests="1" failures="0" timestamp="23 Jul 2017 07:03:05 GMT" time="0.016" errors="0">
  <testcase name="demoMethod" time="0.016" classname="com.krishna.ci.DemoCode"/>
</testsuite> <!-- com.krishna.ci.DemoCode -->
