<?xml version="1.0" encoding="UTF-8"?>
<!-- Generated by org.testng.reporters.JUnitReportReporter -->
<testsuite skipped="0" hostname="Krishna-Lenovo" name="com.krishna.ci.TestConfigFile" tests="1" failures="0" timestamp="31 Jul 2017 08:22:16 GMT" time="11.158" errors="0">
  <testcase name="FetchData" time="11.158" classname="com.krishna.ci.TestConfigFile"/>
</testsuite> <!-- com.krishna.ci.TestConfigFile -->
